<?xml version="1.0" encoding="UTF-8"?>
<testng-results ignored="0" total="4" passed="4" failed="0" skipped="0">
  <reporter-output>
  </reporter-output>
  <suite started-at="2019-07-15T05:05:19Z" name="Default suite" finished-at="2019-07-15T05:05:23Z" duration-ms="3221">
    <groups>
    </groups>
    <test started-at="2019-07-15T05:05:19Z" name="Default test" finished-at="2019-07-15T05:05:23Z" duration-ms="3221">
      <class name="com.atmecs.RestAssured.RestAssuredBDD">
        <test-method signature="DeleteEmployee()[pri:0, instance:com.atmecs.RestAssured.RestAssuredBDD@13acb0d1]" started-at="2019-07-15T05:05:19Z" name="DeleteEmployee" finished-at="2019-07-15T05:05:22Z" duration-ms="2324" status="PASS">
          <reporter-output>
          </reporter-output>
        </test-method> <!-- DeleteEmployee -->
        <test-method signature="PostEmployee()[pri:0, instance:com.atmecs.RestAssured.RestAssuredBDD@13acb0d1]" started-at="2019-07-15T05:05:22Z" name="PostEmployee" finished-at="2019-07-15T05:05:22Z" duration-ms="711" status="PASS">
          <reporter-output>
          </reporter-output>
        </test-method> <!-- PostEmployee -->
        <test-method signature="PutEmployee()[pri:0, instance:com.atmecs.RestAssured.RestAssuredBDD@13acb0d1]" started-at="2019-07-15T05:05:22Z" name="PutEmployee" finished-at="2019-07-15T05:05:23Z" duration-ms="54" status="PASS">
          <reporter-output>
          </reporter-output>
        </test-method> <!-- PutEmployee -->
        <test-method signature="getEmployee()[pri:0, instance:com.atmecs.RestAssured.RestAssuredBDD@13acb0d1]" started-at="2019-07-15T05:05:23Z" name="getEmployee" finished-at="2019-07-15T05:05:23Z" duration-ms="37" status="PASS">
          <reporter-output>
          </reporter-output>
        </test-method> <!-- getEmployee -->
      </class> <!-- com.atmecs.RestAssured.RestAssuredBDD -->
    </test> <!-- Default test -->
  </suite> <!-- Default suite -->
</testng-results>
