<?xml version="1.0" encoding="UTF-8"?>
<testng-results ignored="0" total="3" passed="3" failed="0" skipped="0">
  <reporter-output>
  </reporter-output>
  <suite started-at="2019-07-12T13:00:17Z" name="Default suite" finished-at="2019-07-12T13:00:19Z" duration-ms="2662">
    <groups>
    </groups>
    <test started-at="2019-07-12T13:00:17Z" name="Default test" finished-at="2019-07-12T13:00:19Z" duration-ms="2662">
      <class name="com.atmecs.RestAssured.PostRestAssured">
        <test-method signature="getRequest()[pri:0, instance:com.atmecs.RestAssured.PostRestAssured@3745e5c6]" started-at="2019-07-12T13:00:17Z" name="getRequest" finished-at="2019-07-12T13:00:19Z" duration-ms="2450" status="PASS">
          <reporter-output>
          </reporter-output>
        </test-method> <!-- getRequest -->
        <test-method signature="postRequest()[pri:0, instance:com.atmecs.RestAssured.PostRestAssured@3745e5c6]" started-at="2019-07-12T13:00:19Z" name="postRequest" finished-at="2019-07-12T13:00:19Z" duration-ms="65" status="PASS">
          <reporter-output>
          </reporter-output>
        </test-method> <!-- postRequest -->
        <test-method signature="putRequest()[pri:0, instance:com.atmecs.RestAssured.PostRestAssured@3745e5c6]" started-at="2019-07-12T13:00:19Z" name="putRequest" finished-at="2019-07-12T13:00:19Z" duration-ms="94" status="PASS">
          <reporter-output>
          </reporter-output>
        </test-method> <!-- putRequest -->
      </class> <!-- com.atmecs.RestAssured.PostRestAssured -->
    </test> <!-- Default test -->
  </suite> <!-- Default suite -->
</testng-results>
