<?xml version="1.0" encoding="UTF-8"?>
<!-- Generated by org.testng.reporters.JUnitXMLReporter -->
<testsuite ignored="0" hostname="ATMECSINDT-055" failures="0" tests="4" name="Default test" time="3.221" errors="0" timestamp="15 Jul 2019 05:05:23 GMT">
  <testcase classname="com.atmecs.RestAssured.RestAssuredBDD" name="DeleteEmployee" time="2.324"/>
  <testcase classname="com.atmecs.RestAssured.RestAssuredBDD" name="PostEmployee" time="0.711"/>
  <testcase classname="com.atmecs.RestAssured.RestAssuredBDD" name="PutEmployee" time="0.054"/>
  <testcase classname="com.atmecs.RestAssured.RestAssuredBDD" name="getEmployee" time="0.037"/>
</testsuite> <!-- Default test -->
