<?xml version="1.0" encoding="UTF-8"?>
<!-- Generated by org.testng.reporters.JUnitXMLReporter -->
<testsuite ignored="0" hostname="ATMECSINDT-055" failures="0" tests="3" name="Default test" time="2.662" errors="0" timestamp="12 Jul 2019 13:00:19 GMT">
  <testcase classname="com.atmecs.RestAssured.PostRestAssured" name="getRequest" time="2.45"/>
  <testcase classname="com.atmecs.RestAssured.PostRestAssured" name="postRequest" time="0.065"/>
  <testcase classname="com.atmecs.RestAssured.PostRestAssured" name="putRequest" time="0.094"/>
</testsuite> <!-- Default test -->
