<?xml version="1.0" encoding="UTF-8"?>
<testng-results ignored="0" total="4" passed="4" failed="0" skipped="0">
  <reporter-output>
  </reporter-output>
  <suite started-at="2019-08-05T14:30:22Z" name="Suite" finished-at="2019-08-05T14:30:34Z" duration-ms="12071">
    <groups>
    </groups>
    <test started-at="2019-08-05T14:30:22Z" name="Test" finished-at="2019-08-05T14:30:34Z" duration-ms="12071">
      <class name="com.atmecs.testscripts.TestRegister">
        <test-method is-config="true" signature="setUp()[pri:0, instance:com.atmecs.testscripts.TestRegister@661972b0]" started-at="2019-08-05T14:30:23Z" name="setUp" finished-at="2019-08-05T14:30:31Z" duration-ms="7589" status="PASS">
          <reporter-output>
          </reporter-output>
        </test-method> <!-- setUp -->
        <test-method signature="verifyRegistrationPage(com.atmecs.testscripts.RegistrationData)[pri:0, instance:com.atmecs.testscripts.TestRegister@661972b0]" started-at="2019-08-05T14:30:31Z" name="verifyRegistrationPage" data-provider="registrationData" finished-at="2019-08-05T14:30:33Z" duration-ms="2223" status="PASS">
          <params>
            <param index="0">
              <value>
                <![CDATA[RegistrationData [Email=Abhinaya@gmail.com, FirstName=Abhinaya, LastName=Venkatesh, Password=HeatClinic12, ConfirmPassword=HeatClinic12]]]>
              </value>
            </param>
          </params>
          <reporter-output>
          </reporter-output>
        </test-method> <!-- verifyRegistrationPage -->
        <test-method is-config="true" signature="tearDown()[pri:0, instance:com.atmecs.testscripts.TestRegister@661972b0]" started-at="2019-08-05T14:30:33Z" name="tearDown" finished-at="2019-08-05T14:30:34Z" duration-ms="1098" status="PASS">
          <reporter-output>
          </reporter-output>
        </test-method> <!-- tearDown -->
      </class> <!-- com.atmecs.testscripts.TestRegister -->
    </test> <!-- Test -->
  </suite> <!-- Suite -->
  <suite started-at="2019-08-05T14:30:43Z" name="Suite (1)" finished-at="2019-08-05T14:31:05Z" duration-ms="22351">
    <groups>
    </groups>
    <test started-at="2019-08-05T14:30:43Z" name="Test" finished-at="2019-08-05T14:31:05Z" duration-ms="22351">
      <class name="com.atmecs.testscripts.TestAddToCart">
        <test-method is-config="true" signature="setUp()[pri:0, instance:com.atmecs.testscripts.TestAddToCart@74fe5c40]" started-at="2019-08-05T14:30:43Z" name="setUp" finished-at="2019-08-05T14:30:49Z" duration-ms="5471" status="PASS">
          <reporter-output>
          </reporter-output>
        </test-method> <!-- setUp -->
        <test-method signature="verifyAddToCart(com.atmecs.testscripts.RegistrationData)[pri:0, instance:com.atmecs.testscripts.TestAddToCart@74fe5c40]" started-at="2019-08-05T14:30:49Z" name="verifyAddToCart" data-provider="registrationData" finished-at="2019-08-05T14:31:04Z" duration-ms="15738" status="PASS">
          <params>
            <param index="0">
              <value>
                <![CDATA[RegistrationData [Email=Abhinaya@gmail.com, FirstName=Abhinaya, LastName=Venkatesh, Password=HeatClinic12, ConfirmPassword=HeatClinic12]]]>
              </value>
            </param>
          </params>
          <reporter-output>
          </reporter-output>
        </test-method> <!-- verifyAddToCart -->
        <test-method is-config="true" signature="tearDown()[pri:0, instance:com.atmecs.testscripts.TestAddToCart@74fe5c40]" started-at="2019-08-05T14:31:04Z" name="tearDown" finished-at="2019-08-05T14:31:05Z" duration-ms="1072" status="PASS">
          <reporter-output>
          </reporter-output>
        </test-method> <!-- tearDown -->
      </class> <!-- com.atmecs.testscripts.TestAddToCart -->
    </test> <!-- Test -->
  </suite> <!-- Suite (1) -->
  <suite started-at="2019-08-05T14:30:34Z" name="Suite (0)" finished-at="2019-08-05T14:30:43Z" duration-ms="9201">
    <groups>
    </groups>
    <test started-at="2019-08-05T14:30:34Z" name="Test" finished-at="2019-08-05T14:30:43Z" duration-ms="9201">
      <class name="com.atmecs.testscripts.TestLogin">
        <test-method is-config="true" signature="setUp()[pri:0, instance:com.atmecs.testscripts.TestLogin@79e2c065]" started-at="2019-08-05T14:30:34Z" name="setUp" finished-at="2019-08-05T14:30:40Z" duration-ms="5613" status="PASS">
          <reporter-output>
          </reporter-output>
        </test-method> <!-- setUp -->
        <test-method signature="verifyLoginPage(com.atmecs.testscripts.RegistrationData)[pri:0, instance:com.atmecs.testscripts.TestLogin@79e2c065]" started-at="2019-08-05T14:30:40Z" name="verifyLoginPage" data-provider="registrationData" finished-at="2019-08-05T14:30:42Z" duration-ms="2477" status="PASS">
          <params>
            <param index="0">
              <value>
                <![CDATA[RegistrationData [Email=Abhinaya@gmail.com, FirstName=Abhinaya, LastName=Venkatesh, Password=HeatClinic12, ConfirmPassword=HeatClinic12]]]>
              </value>
            </param>
          </params>
          <reporter-output>
          </reporter-output>
        </test-method> <!-- verifyLoginPage -->
        <test-method is-config="true" signature="tearDown()[pri:0, instance:com.atmecs.testscripts.TestLogin@79e2c065]" started-at="2019-08-05T14:30:42Z" name="tearDown" finished-at="2019-08-05T14:30:43Z" duration-ms="958" status="PASS">
          <reporter-output>
          </reporter-output>
        </test-method> <!-- tearDown -->
      </class> <!-- com.atmecs.testscripts.TestLogin -->
    </test> <!-- Test -->
  </suite> <!-- Suite (0) -->
  <suite started-at="2019-08-05T14:31:18Z" name="HeatClinic" finished-at="2019-08-05T14:31:18Z" duration-ms="0">
    <groups>
    </groups>
  </suite> <!-- HeatClinic -->
  <suite started-at="2019-08-05T14:31:05Z" name="Suite (2)" finished-at="2019-08-05T14:31:17Z" duration-ms="11976">
    <groups>
    </groups>
    <test started-at="2019-08-05T14:31:05Z" name="Test" finished-at="2019-08-05T14:31:17Z" duration-ms="11976">
      <class name="com.atmecs.testscripts.TestRemoveFromCart">
        <test-method is-config="true" signature="setUp()[pri:0, instance:com.atmecs.testscripts.TestRemoveFromCart@7f0eb4b4]" started-at="2019-08-05T14:31:06Z" name="setUp" finished-at="2019-08-05T14:31:11Z" duration-ms="5260" status="PASS">
          <reporter-output>
          </reporter-output>
        </test-method> <!-- setUp -->
        <test-method signature="verifyAddToCart(com.atmecs.testscripts.RegistrationData)[pri:0, instance:com.atmecs.testscripts.TestRemoveFromCart@7f0eb4b4]" started-at="2019-08-05T14:31:11Z" name="verifyAddToCart" data-provider="registrationData" finished-at="2019-08-05T14:31:16Z" duration-ms="5501" status="PASS">
          <params>
            <param index="0">
              <value>
                <![CDATA[RegistrationData [Email=Abhinaya@gmail.com, FirstName=Abhinaya, LastName=Venkatesh, Password=HeatClinic12, ConfirmPassword=HeatClinic12]]]>
              </value>
            </param>
          </params>
          <reporter-output>
          </reporter-output>
        </test-method> <!-- verifyAddToCart -->
        <test-method is-config="true" signature="tearDown()[pri:0, instance:com.atmecs.testscripts.TestRemoveFromCart@7f0eb4b4]" started-at="2019-08-05T14:31:16Z" name="tearDown" finished-at="2019-08-05T14:31:17Z" duration-ms="1050" status="PASS">
          <reporter-output>
          </reporter-output>
        </test-method> <!-- tearDown -->
      </class> <!-- com.atmecs.testscripts.TestRemoveFromCart -->
    </test> <!-- Test -->
  </suite> <!-- Suite (2) -->
</testng-results>
