<?xml version="1.0" encoding="UTF-8"?>
<testng-results ignored="0" total="1" passed="1" failed="0" skipped="0">
  <reporter-output>
  </reporter-output>
  <suite started-at="2019-08-02T14:38:19Z" name="Default suite" finished-at="2019-08-02T14:38:28Z" duration-ms="9418">
    <groups>
    </groups>
    <test started-at="2019-08-02T14:38:19Z" name="Default test" finished-at="2019-08-02T14:38:28Z" duration-ms="9418">
      <class name="com.atmecs.testscripts.TestAddToCart">
        <test-method is-config="true" signature="setUp()[pri:0, instance:com.atmecs.testscripts.TestAddToCart@71b1176b]" started-at="2019-08-02T14:38:19Z" name="setUp" finished-at="2019-08-02T14:38:26Z" duration-ms="6575" status="PASS">
          <reporter-output>
          </reporter-output>
        </test-method> <!-- setUp -->
        <test-method signature="verifyAddToCart()[pri:0, instance:com.atmecs.testscripts.TestAddToCart@71b1176b]" started-at="2019-08-02T14:38:26Z" name="verifyAddToCart" finished-at="2019-08-02T14:38:28Z" duration-ms="1863" status="PASS">
          <reporter-output>
          </reporter-output>
        </test-method> <!-- verifyAddToCart -->
        <test-method is-config="true" signature="tearDown()[pri:0, instance:com.atmecs.testscripts.TestAddToCart@71b1176b]" started-at="2019-08-02T14:38:28Z" name="tearDown" finished-at="2019-08-02T14:38:28Z" duration-ms="936" status="PASS">
          <reporter-output>
          </reporter-output>
        </test-method> <!-- tearDown -->
      </class> <!-- com.atmecs.testscripts.TestAddToCart -->
    </test> <!-- Default test -->
  </suite> <!-- Default suite -->
</testng-results>
